Arguments: 
  /Users/minjaelee/.nvm/versions/node/v14.19.0/bin/node /opt/homebrew/Cellar/yarn/1.22.18/libexec/bin/yarn.js add evergreen-ui

PATH: 
  /Users/minjaelee/.nvm/versions/node/v14.19.0/bin:/opt/homebrew/bin:%PATH:/bin:/usr/local/bin:/usr/bin

Yarn version: 
  1.22.18

Node version: 
  14.19.0

Platform: 
  darwin x64

Trace: 
  Error: getaddrinfo ENOTFOUND registry.yarnpkg.com
      at GetAddrInfoReqWrap.onlookup [as oncomplete] (dns.js:71:26)

npm manifest: 
  {
    "name": "usha",
    "version": "0.1.0",
    "private": true,
    "dependencies": {
      "@testing-library/jest-dom": "^5.16.1",
      "@testing-library/react": "^12.1.2",
      "@testing-library/user-event": "^13.5.0",
      "axios": "^0.25.0",
      "react": "^17.0.2",
      "react-dom": "^17.0.2",
      "react-fade-in": "^2.0.1",
      "react-router-dom": "^6.2.1",
      "react-scripts": "5.0.0",
      "web-vitals": "^2.1.3"
    },
    "scripts": {
      "start": "react-scripts start",
      "build": "react-scripts build",
      "test": "react-scripts test",
      "eject": "react-scripts eject"
    },
    "eslintConfig": {
      "extends": [
        "react-app",
        "react-app/jest"
      ]
    },
    "browserslist": {
      "production": [
        ">0.2%",
        "not dead",
        "not op_mini all"
      ],
      "development": [
        "last 1 chrome version",
        "last 1 firefox version",
        "last 1 safari version"
      ]
    },
    "proxy": "http://localhost:3000"
  }

yarn manifest: 
  No manifest

Lockfile: 
  No lockfile
